app/build/outputs/logs/manifest-merger-debug-report.txt
-- Merging decision tree log ---
manifest
ADDED from AndroidManifest.xml:17:1
	package
		ADDED from AndroidManifest.xml:19:5
		INJECTED from AndroidManifest.xml:0:0
		INJECTED from AndroidManifest.xml:0:0
	android:versionName
		ADDED from AndroidManifest.xml:21:5
	xmlns:tools
		ADDED from AndroidManifest.xml:18:5
	android:versionCode
		ADDED from AndroidManifest.xml:20:5
		INJECTED from AndroidManifest.xml:0:0
		INJECTED from AndroidManifest.xml:0:0
	xmlns:android
		ADDED from AndroidManifest.xml:17:11
uses-sdk
ADDED from AndroidManifest.xml:23:5
MERGED from com.android.support:support-v4:22.1.1:20:5
MERGED from com.android.support:cardview-v7:22.0.0:20:5
MERGED from com.google.android.gms:play-services:7.0.0:18:5
MERGED from com.google.android.gms:play-services-ads:7.0.0:18:5
MERGED from com.google.android.gms:play-services-base:7.0.0:18:5
MERGED from com.android.support:support-v4:22.1.1:20:5
MERGED from com.google.android.gms:play-services-analytics:7.0.0:18:5
MERGED from com.google.android.gms:play-services-base:7.0.0:18:5
MERGED from com.android.support:support-v4:22.1.1:20:5
MERGED from com.google.android.gms:play-services-analytics:7.0.0:18:5
MERGED from com.google.android.gms:play-services-base:7.0.0:18:5
MERGED from com.android.support:support-v4:22.1.1:20:5
MERGED from com.google.android.gms:play-services-appindexing:7.0.0:18:5
MERGED from com.google.android.gms:play-services-base:7.0.0:18:5
MERGED from com.android.support:support-v4:22.1.1:20:5
MERGED from com.google.android.gms:play-services-appstate:7.0.0:18:5
MERGED from com.google.android.gms:play-services-base:7.0.0:18:5
MERGED from com.android.support:support-v4:22.1.1:20:5
MERGED from com.google.android.gms:play-services-base:7.0.0:18:5
MERGED from com.android.support:support-v4:22.1.1:20:5
MERGED from com.google.android.gms:play-services-cast:7.0.0:18:5
MERGED from com.google.android.gms:play-services-base:7.0.0:18:5
MERGED from com.android.support:support-v4:22.1.1:20:5
MERGED from com.google.android.gms:play-services-drive:7.0.0:18:5
MERGED from com.google.android.gms:play-services-base:7.0.0:18:5
MERGED from com.android.support:support-v4:22.1.1:20:5
MERGED from com.google.android.gms:play-services-fitness:7.0.0:18:5
MERGED from com.google.android.gms:play-services-base:7.0.0:18:5
MERGED from com.android.support:support-v4:22.1.1:20:5
MERGED from com.google.android.gms:play-services-location:7.0.0:18:5
MERGED from com.google.android.gms:play-services-base:7.0.0:18:5
MERGED from com.android.support:support-v4:22.1.1:20:5
MERGED from com.google.android.gms:play-services-maps:7.0.0:18:5
MERGED from com.google.android.gms:play-services-base:7.0.0:18:5
MERGED from com.android.support:support-v4:22.1.1:20:5
MERGED from com.google.android.gms:play-services-games:7.0.0:18:5
MERGED from com.google.android.gms:play-services-base:7.0.0:18:5
MERGED from com.android.support:support-v4:22.1.1:20:5
MERGED from com.google.android.gms:play-services-drive:7.0.0:18:5
MERGED from com.google.android.gms:play-services-base:7.0.0:18:5
MERGED from com.android.support:support-v4:22.1.1:20:5
MERGED from com.google.android.gms:play-services-gcm:7.0.0:18:5
MERGED from com.google.android.gms:play-services-base:7.0.0:18:5
MERGED from com.android.support:support-v4:22.1.1:20:5
MERGED from com.google.android.gms:play-services-identity:7.0.0:18:5
MERGED from com.google.android.gms:play-services-base:7.0.0:18:5
MERGED from com.android.support:support-v4:22.1.1:20:5
MERGED from com.google.android.gms:play-services-location:7.0.0:18:5
MERGED from com.google.android.gms:play-services-base:7.0.0:18:5
MERGED from com.android.support:support-v4:22.1.1:20:5
MERGED from com.google.android.gms:play-services-maps:7.0.0:18:5
MERGED from com.google.android.gms:play-services-base:7.0.0:18:5
MERGED from com.android.support:support-v4:22.1.1:20:5
MERGED from com.google.android.gms:play-services-maps:7.0.0:18:5
MERGED from com.google.android.gms:play-services-base:7.0.0:18:5
MERGED from com.android.support:support-v4:22.1.1:20:5
MERGED from com.google.android.gms:play-services-nearby:7.0.0:18:5
MERGED from com.google.android.gms:play-services-base:7.0.0:18:5
MERGED from com.android.support:support-v4:22.1.1:20:5
MERGED from com.google.android.gms:play-services-panorama:7.0.0:18:5
MERGED from com.google.android.gms:play-services-base:7.0.0:18:5
MERGED from com.android.support:support-v4:22.1.1:20:5
MERGED from com.google.android.gms:play-services-plus:7.0.0:18:5
MERGED from com.google.android.gms:play-services-base:7.0.0:18:5
MERGED from com.android.support:support-v4:22.1.1:20:5
MERGED from com.google.android.gms:play-services-safetynet:7.0.0:18:5
MERGED from com.google.android.gms:play-services-base:7.0.0:18:5
MERGED from com.android.support:support-v4:22.1.1:20:5
MERGED from com.google.android.gms:play-services-wallet:7.0.0:18:5
MERGED from com.google.android.gms:play-services-base:7.0.0:18:5
MERGED from com.android.support:support-v4:22.1.1:20:5
MERGED from com.google.android.gms:play-services-identity:7.0.0:18:5
MERGED from com.google.android.gms:play-services-base:7.0.0:18:5
MERGED from com.android.support:support-v4:22.1.1:20:5
MERGED from com.google.android.gms:play-services-maps:7.0.0:18:5
MERGED from com.google.android.gms:play-services-base:7.0.0:18:5
MERGED from com.android.support:support-v4:22.1.1:20:5
MERGED from com.google.android.gms:play-services-wearable:7.0.0:18:5
MERGED from com.google.android.gms:play-services-base:7.0.0:18:5
MERGED from com.android.support:support-v4:22.1.1:20:5
	android:maxSdkVersion
		ADDED from AndroidManifest.xml:24:9
	android:targetSdkVersion
		ADDED from AndroidManifest.xml:26:9
		INJECTED from AndroidManifest.xml:0:0
		INJECTED from AndroidManifest.xml:0:0
	android:minSdkVersion
		ADDED from AndroidManifest.xml:25:9
		INJECTED from AndroidManifest.xml:0:0
		INJECTED from AndroidManifest.xml:0:0
uses-permission#android.permission.WRITE_SETTINGS
ADDED from AndroidManifest.xml:28:5
	android:name
		ADDED from AndroidManifest.xml:28:22
uses-permission#android.permission.WRITE_EXTERNAL_STORAGE
ADDED from AndroidManifest.xml:29:5
	android:name
		ADDED from AndroidManifest.xml:29:22
uses-permission#android.permission.READ_EXTERNAL_STORAGE
ADDED from AndroidManifest.xml:30:5
	android:name
		ADDED from AndroidManifest.xml:30:22
uses-permission#android.permission.INTERNET
ADDED from AndroidManifest.xml:31:5
	android:name
		ADDED from AndroidManifest.xml:31:22
uses-permission#android.permission.ACCESS_SUPERUSER
ADDED from AndroidManifest.xml:32:5
	android:name
		ADDED from AndroidManifest.xml:32:22
uses-permission#android.permission.RECEIVE_BOOT_COMPLETED
ADDED from AndroidManifest.xml:33:5
	android:name
		ADDED from AndroidManifest.xml:33:22
uses-permission#android.permission.WAKE_LOCK
ADDED from AndroidManifest.xml:34:5
	android:name
		ADDED from AndroidManifest.xml:34:22
uses-permission#android.permission.ACCESS_NETWORK_STATE
ADDED from AndroidManifest.xml:35:5
	android:name
		ADDED from AndroidManifest.xml:35:22
uses-permission#android.permission.VIBRATE
ADDED from AndroidManifest.xml:36:5
	android:name
		ADDED from AndroidManifest.xml:36:22
uses-permission#android.permission.REBOOT
ADDED from AndroidManifest.xml:37:5
	tools:ignore
		ADDED from AndroidManifest.xml:39:9
	android:name
		ADDED from AndroidManifest.xml:38:9
uses-permission#android.permission.RECOVERY
ADDED from AndroidManifest.xml:40:5
	android:name
		ADDED from AndroidManifest.xml:40:22
uses-permission#android.permission.ACCESS_CACHE_FILESYSTEM
ADDED from AndroidManifest.xml:41:5
	tools:ignore
		ADDED from AndroidManifest.xml:43:9
	android:name
		ADDED from AndroidManifest.xml:42:9
uses-permission#com.android.alarm.permission.SET_ALARM
ADDED from AndroidManifest.xml:44:5
	android:name
		ADDED from AndroidManifest.xml:44:22
application
ADDED from AndroidManifest.xml:46:5
MERGED from com.android.support:support-v4:22.1.1:22:5
MERGED from com.android.support:cardview-v7:22.0.0:22:5
MERGED from com.google.android.gms:play-services:7.0.0:19:5
MERGED from com.google.android.gms:play-services-ads:7.0.0:19:5
MERGED from com.google.android.gms:play-services-base:7.0.0:20:5
MERGED from com.android.support:support-v4:22.1.1:22:5
MERGED from com.google.android.gms:play-services-analytics:7.0.0:19:5
MERGED from com.google.android.gms:play-services-base:7.0.0:20:5
MERGED from com.android.support:support-v4:22.1.1:22:5
MERGED from com.google.android.gms:play-services-analytics:7.0.0:19:5
MERGED from com.google.android.gms:play-services-base:7.0.0:20:5
MERGED from com.android.support:support-v4:22.1.1:22:5
MERGED from com.google.android.gms:play-services-appindexing:7.0.0:19:5
MERGED from com.google.android.gms:play-services-base:7.0.0:20:5
MERGED from com.android.support:support-v4:22.1.1:22:5
MERGED from com.google.android.gms:play-services-appstate:7.0.0:19:5
MERGED from com.google.android.gms:play-services-base:7.0.0:20:5
MERGED from com.android.support:support-v4:22.1.1:22:5
MERGED from com.google.android.gms:play-services-base:7.0.0:20:5
MERGED from com.android.support:support-v4:22.1.1:22:5
MERGED from com.google.android.gms:play-services-cast:7.0.0:19:5
MERGED from com.google.android.gms:play-services-base:7.0.0:20:5
MERGED from com.android.support:support-v4:22.1.1:22:5
MERGED from com.google.android.gms:play-services-drive:7.0.0:19:5
MERGED from com.google.android.gms:play-services-base:7.0.0:20:5
MERGED from com.android.support:support-v4:22.1.1:22:5
MERGED from com.google.android.gms:play-services-fitness:7.0.0:19:5
MERGED from com.google.android.gms:play-services-base:7.0.0:20:5
MERGED from com.android.support:support-v4:22.1.1:22:5
MERGED from com.google.android.gms:play-services-location:7.0.0:19:5
MERGED from com.google.android.gms:play-services-base:7.0.0:20:5
MERGED from com.android.support:support-v4:22.1.1:22:5
MERGED from com.google.android.gms:play-services-maps:7.0.0:19:5
MERGED from com.google.android.gms:play-services-base:7.0.0:20:5
MERGED from com.android.support:support-v4:22.1.1:22:5
MERGED from com.google.android.gms:play-services-games:7.0.0:19:5
MERGED from com.google.android.gms:play-services-base:7.0.0:20:5
MERGED from com.android.support:support-v4:22.1.1:22:5
MERGED from com.google.android.gms:play-services-drive:7.0.0:19:5
MERGED from com.google.android.gms:play-services-base:7.0.0:20:5
MERGED from com.android.support:support-v4:22.1.1:22:5
MERGED from com.google.android.gms:play-services-gcm:7.0.0:19:5
MERGED from com.google.android.gms:play-services-base:7.0.0:20:5
MERGED from com.android.support:support-v4:22.1.1:22:5
MERGED from com.google.android.gms:play-services-identity:7.0.0:19:5
MERGED from com.google.android.gms:play-services-base:7.0.0:20:5
MERGED from com.android.support:support-v4:22.1.1:22:5
MERGED from com.google.android.gms:play-services-location:7.0.0:19:5
MERGED from com.google.android.gms:play-services-base:7.0.0:20:5
MERGED from com.android.support:support-v4:22.1.1:22:5
MERGED from com.google.android.gms:play-services-maps:7.0.0:19:5
MERGED from com.google.android.gms:play-services-base:7.0.0:20:5
MERGED from com.android.support:support-v4:22.1.1:22:5
MERGED from com.google.android.gms:play-services-maps:7.0.0:19:5
MERGED from com.google.android.gms:play-services-base:7.0.0:20:5
MERGED from com.android.support:support-v4:22.1.1:22:5
MERGED from com.google.android.gms:play-services-nearby:7.0.0:19:5
MERGED from com.google.android.gms:play-services-base:7.0.0:20:5
MERGED from com.android.support:support-v4:22.1.1:22:5
MERGED from com.google.android.gms:play-services-panorama:7.0.0:19:5
MERGED from com.google.android.gms:play-services-base:7.0.0:20:5
MERGED from com.android.support:support-v4:22.1.1:22:5
MERGED from com.google.android.gms:play-services-plus:7.0.0:19:5
MERGED from com.google.android.gms:play-services-base:7.0.0:20:5
MERGED from com.android.support:support-v4:22.1.1:22:5
MERGED from com.google.android.gms:play-services-safetynet:7.0.0:19:5
MERGED from com.google.android.gms:play-services-base:7.0.0:20:5
MERGED from com.android.support:support-v4:22.1.1:22:5
MERGED from com.google.android.gms:play-services-wallet:7.0.0:19:5
MERGED from com.google.android.gms:play-services-base:7.0.0:20:5
MERGED from com.android.support:support-v4:22.1.1:22:5
MERGED from com.google.android.gms:play-services-identity:7.0.0:19:5
MERGED from com.google.android.gms:play-services-base:7.0.0:20:5
MERGED from com.android.support:support-v4:22.1.1:22:5
MERGED from com.google.android.gms:play-services-maps:7.0.0:19:5
MERGED from com.google.android.gms:play-services-base:7.0.0:20:5
MERGED from com.android.support:support-v4:22.1.1:22:5
MERGED from com.google.android.gms:play-services-wearable:7.0.0:19:5
MERGED from com.google.android.gms:play-services-base:7.0.0:20:5
MERGED from com.android.support:support-v4:22.1.1:22:5
	android:label
		ADDED from AndroidManifest.xml:50:9
	android:uiOptions
		ADDED from AndroidManifest.xml:52:9
	android:allowBackup
		ADDED from AndroidManifest.xml:48:9
	android:icon
		ADDED from AndroidManifest.xml:49:9
	android:theme
		ADDED from AndroidManifest.xml:51:9
	android:name
		ADDED from AndroidManifest.xml:47:9
meta-data#com.google.android.gms.version
ADDED from AndroidManifest.xml:53:9
MERGED from com.google.android.gms:play-services-base:7.0.0:21:9
MERGED from com.google.android.gms:play-services-base:7.0.0:21:9
MERGED from com.google.android.gms:play-services-base:7.0.0:21:9
MERGED from com.google.android.gms:play-services-base:7.0.0:21:9
MERGED from com.google.android.gms:play-services-base:7.0.0:21:9
MERGED from com.google.android.gms:play-services-base:7.0.0:21:9
MERGED from com.google.android.gms:play-services-base:7.0.0:21:9
MERGED from com.google.android.gms:play-services-base:7.0.0:21:9
MERGED from com.google.android.gms:play-services-base:7.0.0:21:9
MERGED from com.google.android.gms:play-services-base:7.0.0:21:9
MERGED from com.google.android.gms:play-services-base:7.0.0:21:9
MERGED from com.google.android.gms:play-services-base:7.0.0:21:9
MERGED from com.google.android.gms:play-services-base:7.0.0:21:9
MERGED from com.google.android.gms:play-services-base:7.0.0:21:9
MERGED from com.google.android.gms:play-services-base:7.0.0:21:9
MERGED from com.google.android.gms:play-services-base:7.0.0:21:9
MERGED from com.google.android.gms:play-services-base:7.0.0:21:9
MERGED from com.google.android.gms:play-services-base:7.0.0:21:9
MERGED from com.google.android.gms:play-services-base:7.0.0:21:9
MERGED from com.google.android.gms:play-services-base:7.0.0:21:9
MERGED from com.google.android.gms:play-services-base:7.0.0:21:9
MERGED from com.google.android.gms:play-services-base:7.0.0:21:9
MERGED from com.google.android.gms:play-services-base:7.0.0:21:9
MERGED from com.google.android.gms:play-services-base:7.0.0:21:9
MERGED from com.google.android.gms:play-services-base:7.0.0:21:9
MERGED from com.google.android.gms:play-services-base:7.0.0:21:9
	android:value
		ADDED from AndroidManifest.xml:55:13
	android:name
		ADDED from AndroidManifest.xml:54:13
activity#com.ota.updates.activities.MainActivity
ADDED from AndroidManifest.xml:57:9
	android:label
		ADDED from AndroidManifest.xml:60:13
	android:configChanges
		ADDED from AndroidManifest.xml:59:13
	android:name
		ADDED from AndroidManifest.xml:58:13
intent-filter#android.intent.action.MAIN+android.intent.category.LAUNCHER
ADDED from AndroidManifest.xml:61:13
action#android.intent.action.MAIN
ADDED from AndroidManifest.xml:62:17
	android:name
		ADDED from AndroidManifest.xml:62:25
category#android.intent.category.LAUNCHER
ADDED from AndroidManifest.xml:64:17
	android:name
		ADDED from AndroidManifest.xml:64:27
activity#com.ota.updates.activities.AvailableActivity
ADDED from AndroidManifest.xml:67:9
	android:label
		ADDED from AndroidManifest.xml:70:13
	android:configChanges
		ADDED from AndroidManifest.xml:69:13
	android:name
		ADDED from AndroidManifest.xml:68:13
activity#com.ota.updates.activities.AddonActivity
ADDED from AndroidManifest.xml:71:9
	android:label
		ADDED from AndroidManifest.xml:74:13
	android:configChanges
		ADDED from AndroidManifest.xml:73:13
	android:name
		ADDED from AndroidManifest.xml:72:13
activity#com.ota.updates.activities.AboutActivity
ADDED from AndroidManifest.xml:75:9
	android:label
		ADDED from AndroidManifest.xml:78:13
	android:configChanges
		ADDED from AndroidManifest.xml:77:13
	android:name
		ADDED from AndroidManifest.xml:76:13
activity#com.ota.updates.activities.SettingsActivity
ADDED from AndroidManifest.xml:79:9
	android:label
		ADDED from AndroidManifest.xml:82:13
	android:configChanges
		ADDED from AndroidManifest.xml:81:13
	android:name
		ADDED from AndroidManifest.xml:80:13
activity#com.google.android.gms.ads.AdActivity
ADDED from AndroidManifest.xml:83:9
	android:configChanges
		ADDED from AndroidManifest.xml:85:13
	android:theme
		ADDED from AndroidManifest.xml:86:13
	android:name
		ADDED from AndroidManifest.xml:84:13
receiver#com.ota.updates.receivers.AppReceiver
ADDED from AndroidManifest.xml:88:9
	android:enabled
		ADDED from AndroidManifest.xml:90:13
	android:name
		ADDED from AndroidManifest.xml:89:13
intent-filter#android.intent.action.BOOT_COMPLETED+android.intent.action.DOWNLOAD_COMPLETE+android.intent.action.DOWNLOAD_NOTIFICATION_CLICKED+com.ota.update.MANIFEST_CHECK_BACKGROUND+com.ota.update.START_UPDATE_CHECK
ADDED from AndroidManifest.xml:91:13
action#android.intent.action.DOWNLOAD_COMPLETE
ADDED from AndroidManifest.xml:92:17
	android:name
		ADDED from AndroidManifest.xml:92:25
action#android.intent.action.DOWNLOAD_NOTIFICATION_CLICKED
ADDED from AndroidManifest.xml:93:17
	android:name
		ADDED from AndroidManifest.xml:93:25
action#android.intent.action.BOOT_COMPLETED
ADDED from AndroidManifest.xml:94:17
	android:name
		ADDED from AndroidManifest.xml:94:25
action#com.ota.update.MANIFEST_CHECK_BACKGROUND
ADDED from AndroidManifest.xml:95:17
	android:name
		ADDED from AndroidManifest.xml:95:25
action#com.ota.update.START_UPDATE_CHECK
ADDED from AndroidManifest.xml:96:17
	android:name
		ADDED from AndroidManifest.xml:96:25